<?xml version="1.0" encoding="UTF-8"?>
<!-- Generated by org.testng.reporters.JUnitReportReporter -->
<testsuite skipped="0" hostname="LAPTOP-IVDTKOOS" name="testCases.BulkActionsTest" tests="1" failures="0" timestamp="2022-06-12T02:51:11 IST" time="17.825" errors="0">
  <testcase name="verifyNewlyUploadedFileReflectsInListTest" time="17.825" classname="testCases.BulkActionsTest"/>
  <system-out/>
</testsuite> <!-- testCases.BulkActionsTest -->
