<?xml version="1.0" encoding="UTF-8"?>
<!-- Generated by org.testng.reporters.JUnitReportReporter -->
<testsuite hostname="Sam-Personal" failures="0" tests="2" name="testCases.RewardsTest" time="28.213" errors="0" timestamp="2022-06-13T14:14:54 IST" skipped="0">
  <testcase classname="testCases.RewardsTest" name="verifyClickingCreateNewButtonLeadsToRewardCreationPageTest" time="9.055"/>
  <system-out/>
  <testcase classname="testCases.RewardsTest" name="newlyCreatedRewardPresentInListTest" time="19.158"/>
  <system-out/>
</testsuite> <!-- testCases.RewardsTest -->
