<?xml version="1.0" encoding="UTF-8"?>
<!-- Generated by org.testng.reporters.JUnitReportReporter -->
<testsuite hostname="Sam-Personal" failures="0" tests="3" name="testCases.OverviewTest" time="121.855" errors="0" timestamp="2022-06-13T14:14:54 IST" skipped="0">
  <testcase classname="testCases.OverviewTest" name="verifyRewardAdminDoesNotHaveAccessToOtherSectionsTest" time="107.221"/>
  <system-out/>
  <testcase classname="testCases.OverviewTest" name="verifyAdminHasSufficientPermissionToVisitBulkFileUploadPage" time="7.637"/>
  <system-out/>
  <testcase classname="testCases.OverviewTest" name="verifyRewardAdminHasSufficientPermissionToCreateRewardTest" time="6.997"/>
  <system-out/>
</testsuite> <!-- testCases.OverviewTest -->
